<?xml version="1.0" encoding="UTF-8"?>
<testsuite xmlns:xsi="http://www.w3.org/2001/XMLSchema-instance" xsi:noNamespaceSchemaLocation="https://maven.apache.org/surefire/maven-surefire-plugin/xsd/surefire-test-report.xsd" name="data.InventoryTest" time="0.03" tests="7" errors="0" skipped="0" failures="0">
  <properties>
[...]
</properties>
  <testcase name="testCheckOutCheckIn" classname="data.InventoryTest" time="0.007"/>
  <testcase name="testGet" classname="data.InventoryTest" time="0.003"/>
  <testcase name="testIterator1" classname="data.InventoryTest" time="0.001"/>
  <testcase name="testIterator2" classname="data.InventoryTest" time="0.002"/>
  <testcase name="testClear" classname="data.InventoryTest" time="0.001"/>
  <testcase name="testSize" classname="data.InventoryTest" time="0.001"/>
  <testcase name="testAddNumOwned" classname="data.InventoryTest" time="0.001"/>
</testsuite>