<?xml version="1.0" encoding="UTF-8"?>
<testsuite xmlns:xsi="http://www.w3.org/2001/XMLSchema-instance" xsi:noNamespaceSchemaLocation="https://maven.apache.org/surefire/maven-surefire-plugin/xsd/surefire-test-report.xsd" name="data.VideoTest" time="0.67" tests="33" errors="0" skipped="0" failures="0">
  <properties>
[...]
</properties>
  <testcase name="compareToClassExceptionTests{VideoObj, Object}[1]" classname="data.VideoTest" time="0.35"/>
  <testcase name="equalsNullTest" classname="data.VideoTest" time="0.002"/>
  <testcase name="testTitle" classname="data.VideoTest" time="0.006"/>
  <testcase name="testYear" classname="data.VideoTest" time="0.003"/>
  <testcase name="equalsTests{VideoObj, Object, boolean}[1]" classname="data.VideoTest" time="0.001"/>
  <testcase name="equalsTests{VideoObj, Object, boolean}[2]" classname="data.VideoTest" time="0.001"/>
  <testcase name="equalsTests{VideoObj, Object, boolean}[3]" classname="data.VideoTest" time="0.001"/>
  <testcase name="equalsTests{VideoObj, Object, boolean}[4]" classname="data.VideoTest" time="0.008"/>
  <testcase name="equalsTests{VideoObj, Object, boolean}[5]" classname="data.VideoTest" time="0.001"/>
  <testcase name="minMaxYearTest{int}[1]" classname="data.VideoTest" time="0.001"/>
  <testcase name="minMaxYearTest{int}[2]" classname="data.VideoTest" time="0.002"/>
  <testcase name="invariantsTests{String, int, String}[1]" classname="data.VideoTest" time="0.003"/>
  <testcase name="invariantsTests{String, int, String}[2]" classname="data.VideoTest" time="0.002"/>
  <testcase name="invariantsTests{String, int, String}[3]" classname="data.VideoTest" time="0.001"/>
  <testcase name="invariantsTests{String, int, String}[4]" classname="data.VideoTest" time="0.001"/>
  <testcase name="invariantsTests{String, int, String}[5]" classname="data.VideoTest" time="0.001"/>
  <testcase name="invariantsTests{String, int, String}[6]" classname="data.VideoTest" time="0.001"/>
  <testcase name="invariantsTests{String, int, String}[7]" classname="data.VideoTest" time="0.001"/>
  <testcase name="invariantsTests{String, int, String}[8]" classname="data.VideoTest" time="0.001"/>
  <testcase name="toStringTest{String, int, String, String}[1]" classname="data.VideoTest" time="0"/>
  <testcase name="toStringTest{String, int, String, String}[2]" classname="data.VideoTest" time="0.001"/>
  <testcase name="testDirector" classname="data.VideoTest" time="0.001"/>
  <testcase name="compareToNullExceptionTests{VideoObj, VideoObj}[1]" classname="data.VideoTest" time="0.002"/>
  <testcase name="compareToNullExceptionTests{VideoObj, VideoObj}[2]" classname="data.VideoTest" time="0.001"/>
  <testcase name="compareToAttributeTests{VideoObj, VideoObj, int}[1]" classname="data.VideoTest" time="0.002"/>
  <testcase name="compareToAttributeTests{VideoObj, VideoObj, int}[2]" classname="data.VideoTest" time="0.001"/>
  <testcase name="compareToAttributeTests{VideoObj, VideoObj, int}[3]" classname="data.VideoTest" time="0.003"/>
  <testcase name="compareToAttributeTests{VideoObj, VideoObj, int}[4]" classname="data.VideoTest" time="0.001"/>
  <testcase name="compareToAttributeTests{VideoObj, VideoObj, int}[5]" classname="data.VideoTest" time="0.001"/>
  <testcase name="compareToAttributeTests{VideoObj, VideoObj, int}[6]" classname="data.VideoTest" time="0.001"/>
  <testcase name="compareToAttributeTests{VideoObj, VideoObj, int}[7]" classname="data.VideoTest" time="0.001"/>
  <testcase name="hashCodeTest{String, int, String, int}[1]" classname="data.VideoTest" time="0.001"/>
  <testcase name="hashCodeTest{String, int, String, int}[2]" classname="data.VideoTest" time="0.002"/>
</testsuite>